Mouse moved: 681, 330
Mouse moved: 678, 330
Mouse moved: 674, 330
Mouse moved: 671, 330
Mouse moved: 667, 334
Mouse moved: 664, 336
Mouse moved: 661, 341
Mouse moved: 658, 350
Mouse moved: 658, 358
Mouse moved: 657, 365
Mouse moved: 657, 374
Mouse moved: 657, 383
Mouse moved: 657, 391
Mouse moved: 657, 399
Mouse moved: 657, 408
Mouse moved: 659, 415
Mouse moved: 660, 420
Mouse moved: 660, 425
Mouse moved: 661, 431
Mouse moved: 664, 438
Mouse moved: 665, 443
Mouse moved: 669, 449
Mouse moved: 671, 454
Mouse moved: 675, 460
Mouse moved: 677, 463
Mouse moved: 681, 468
Mouse moved: 685, 473
Mouse moved: 689, 476
Mouse moved: 692, 480
Mouse moved: 695, 483
Mouse moved: 696, 484
Mouse moved: 701, 488
Mouse moved: 706, 493
Mouse moved: 712, 498
Mouse moved: 725, 505
Mouse moved: 737, 514
Mouse moved: 751, 521
Mouse moved: 764, 528
Mouse moved: 777, 534
Mouse moved: 800, 543
Mouse moved: 816, 548
Mouse moved: 834, 553
Mouse moved: 849, 558
Mouse moved: 861, 560
Mouse moved: 876, 565
Mouse moved: 884, 566
Mouse moved: 894, 570
Mouse moved: 901, 573
Mouse moved: 906, 574
Mouse moved: 909, 575
Mouse moved: 907, 575
Mouse moved: 901, 576
Mouse moved: 894, 576
Mouse moved: 886, 578
Mouse moved: 876, 578
Mouse moved: 858, 579
Mouse moved: 839, 580
Mouse moved: 823, 580
Mouse moved: 801, 581
Mouse moved: 768, 581
Mouse moved: 739, 583
Mouse moved: 707, 583
Mouse moved: 674, 583
Mouse moved: 647, 583
Mouse moved: 612, 583
Mouse moved: 588, 583
Mouse moved: 557, 583
Mouse moved: 534, 583
Mouse moved: 514, 584
Mouse moved: 498, 586
Mouse moved: 484, 589
Mouse moved: 471, 591
Mouse moved: 459, 595
Mouse moved: 452, 599
Mouse moved: 447, 604
Mouse moved: 443, 608
Mouse moved: 443, 613
Mouse moved: 443, 618
Mouse moved: 444, 620
Mouse moved: 447, 625
Mouse moved: 452, 629
Mouse moved: 461, 635
Mouse moved: 470, 639
Mouse moved: 486, 646
Mouse moved: 501, 653
Mouse moved: 525, 659
Mouse moved: 547, 666
Mouse moved: 571, 673
Mouse moved: 594, 679
Mouse moved: 629, 689
Mouse moved: 655, 696
Mouse moved: 689, 708
Mouse moved: 724, 719
Mouse moved: 762, 731
Mouse moved: 796, 741
Mouse moved: 829, 751
Mouse moved: 859, 759
Mouse moved: 884, 765
Mouse moved: 904, 770
Mouse moved: 920, 774
Mouse moved: 934, 778
Mouse moved: 944, 781
Mouse moved: 949, 783
Mouse moved: 951, 784
Mouse moved: 949, 784
Mouse moved: 943, 781
Mouse moved: 934, 776
Mouse moved: 922, 768
Mouse moved: 907, 760
Mouse moved: 886, 747
Mouse moved: 862, 732
Mouse moved: 832, 713
Mouse moved: 803, 697
Mouse moved: 779, 681
Mouse moved: 747, 662
Mouse moved: 723, 648
Mouse moved: 697, 631
Mouse moved: 673, 615
Mouse moved: 656, 600
Mouse moved: 642, 588
Mouse moved: 627, 573
Mouse moved: 616, 563
Mouse moved: 607, 557
Mouse moved: 601, 552
Mouse moved: 597, 550
Mouse moved: 597, 550
Mouse moved: 600, 553
Mouse moved: 610, 560
Mouse moved: 630, 576
Mouse moved: 651, 594
Mouse moved: 676, 613
Mouse moved: 705, 636
Mouse moved: 736, 663
Mouse moved: 772, 693
Mouse moved: 815, 725
Mouse moved: 857, 756
Mouse moved: 900, 788
Mouse moved: 944, 819
Mouse moved: 981, 846
Mouse moved: 1014, 870
Mouse moved: 1035, 888
Mouse moved: 1050, 903
Mouse moved: 1061, 915
Mouse moved: 1070, 928
Mouse moved: 1072, 935
Mouse moved: 1072, 939
Mouse moved: 1071, 941
Mouse moved: 1066, 944
Mouse moved: 1056, 945
Mouse moved: 1038, 945
Mouse moved: 1017, 940
Mouse moved: 994, 932
Mouse moved: 959, 920
Mouse moved: 926, 907
Mouse moved: 883, 891
Mouse moved: 838, 873
Mouse moved: 794, 856
Mouse moved: 747, 838
Mouse moved: 703, 822
Mouse moved: 658, 806
Mouse moved: 624, 793
Mouse moved: 592, 782
Mouse moved: 567, 775
Mouse moved: 554, 770
Mouse moved: 539, 765
Mouse moved: 527, 762
Mouse moved: 523, 761
Mouse moved: 522, 761
Mouse moved: 521, 761
Mouse moved: 521, 763
Mouse moved: 524, 765
Mouse moved: 530, 769
Mouse moved: 540, 775
Mouse moved: 554, 781
Mouse moved: 559, 784
Mouse moved: 576, 791
Mouse moved: 596, 799
Mouse moved: 620, 808
Mouse moved: 646, 818
Mouse moved: 680, 831
Mouse moved: 710, 841
Mouse moved: 742, 854
Mouse moved: 774, 866
Mouse moved: 799, 876
Mouse moved: 826, 889
Mouse moved: 850, 900
Mouse moved: 866, 906
Mouse moved: 879, 914
Mouse moved: 890, 920
Mouse moved: 900, 928
Mouse moved: 905, 930
Mouse moved: 906, 933
Mouse moved: 904, 933
Mouse moved: 902, 933
Mouse moved: 898, 933
Mouse moved: 894, 932
Mouse moved: 888, 930
Mouse moved: 883, 928
Mouse moved: 873, 927
Mouse moved: 866, 925
Mouse moved: 861, 923
Mouse moved: 852, 921
Mouse moved: 841, 918
Mouse moved: 826, 913
Mouse moved: 814, 910
Mouse moved: 797, 903
Mouse moved: 782, 900
Mouse moved: 769, 896
Mouse moved: 747, 888
Mouse moved: 734, 885
Mouse moved: 721, 881
Mouse moved: 708, 877
Mouse moved: 696, 873
Mouse moved: 688, 872
Mouse moved: 679, 870
Mouse moved: 667, 866
Mouse moved: 653, 862
Mouse moved: 641, 858
Mouse moved: 626, 853
Mouse moved: 618, 852
Mouse moved: 602, 847
Mouse moved: 587, 842
Mouse moved: 581, 841
Mouse moved: 568, 837
Mouse moved: 563, 836
Mouse moved: 558, 835
Mouse moved: 556, 833
Mouse moved: 554, 832
Mouse moved: 553, 832
Mouse moved: 552, 831
Mouse moved: 551, 830
Mouse moved: 548, 828
Mouse moved: 547, 827
Mouse moved: 547, 826
Mouse moved: 546, 825
Mouse moved: 544, 823
Mouse moved: 544, 822
Mouse moved: 543, 821
Mouse moved: 542, 820
Mouse moved: 541, 817
Mouse moved: 539, 813
Mouse moved: 538, 810
Mouse moved: 536, 803
Mouse moved: 533, 795
Mouse moved: 531, 786
Mouse moved: 527, 776
Mouse moved: 523, 767
Mouse moved: 518, 755
Mouse moved: 517, 746
Mouse moved: 512, 730
Mouse moved: 509, 716
Mouse moved: 506, 698
Mouse moved: 503, 681
Mouse moved: 502, 666
Mouse moved: 502, 641
Mouse moved: 502, 621
Mouse moved: 504, 611
Mouse moved: 506, 592
Mouse moved: 509, 578
Mouse moved: 514, 560
Mouse moved: 517, 547
Mouse moved: 521, 536
Mouse moved: 526, 527
Mouse moved: 530, 520
Mouse moved: 534, 515
Mouse moved: 539, 510
Mouse moved: 544, 506
Mouse moved: 547, 501
Mouse moved: 551, 498
Mouse moved: 552, 496
Mouse moved: 554, 496
Mouse moved: 560, 496
Mouse moved: 567, 496
Mouse moved: 574, 496
Mouse moved: 587, 500
Mouse moved: 600, 505
Mouse moved: 616, 511
Mouse moved: 642, 523
Mouse moved: 667, 534
Mouse moved: 700, 549
Mouse moved: 727, 564
Mouse moved: 754, 579
Mouse moved: 776, 594
Mouse moved: 791, 608
Mouse moved: 804, 623
Mouse moved: 810, 638
Mouse moved: 811, 646
Mouse moved: 811, 663
Mouse moved: 807, 679
Mouse moved: 799, 691
Mouse moved: 784, 709
Mouse moved: 772, 719
Mouse moved: 746, 733
Mouse moved: 723, 741
Mouse moved: 697, 748
Mouse moved: 671, 751
Mouse moved: 647, 754
Mouse moved: 621, 754
Mouse moved: 597, 752
Mouse moved: 573, 746
Mouse moved: 551, 737
Mouse moved: 527, 726
Mouse moved: 508, 713
Mouse moved: 486, 698
Mouse moved: 471, 686
Mouse moved: 451, 667
Mouse moved: 439, 652
Mouse moved: 431, 640
Mouse moved: 424, 627
Mouse moved: 421, 610
Mouse moved: 421, 600
Mouse moved: 425, 587
Mouse moved: 434, 575
Mouse moved: 454, 558
Mouse moved: 471, 546
Mouse moved: 500, 527
Mouse moved: 525, 515
Mouse moved: 556, 498
Mouse moved: 591, 483
Mouse moved: 624, 471
Mouse moved: 650, 463
Mouse moved: 685, 455
Mouse moved: 715, 448
Mouse moved: 741, 445
Mouse moved: 757, 442
Mouse moved: 764, 441
Mouse moved: 766, 441
Mouse moved: 766, 440
Mouse moved: 763, 440
Mouse moved: 754, 440
Mouse moved: 742, 438
Mouse moved: 731, 438
Mouse moved: 706, 437
Mouse moved: 681, 436
Mouse moved: 656, 435
Mouse moved: 626, 432
Mouse moved: 597, 428
Mouse moved: 566, 423
Mouse moved: 539, 416
Mouse moved: 522, 410
Mouse moved: 512, 406
Mouse moved: 509, 405
Mouse moved: 516, 405
Mouse moved: 530, 405
Mouse moved: 550, 405
Mouse moved: 584, 410
Mouse moved: 620, 419
Mouse moved: 659, 429
Mouse moved: 704, 441
Mouse moved: 747, 454
Mouse moved: 791, 468
Mouse moved: 830, 483
Mouse moved: 866, 498
Mouse moved: 891, 510
Mouse moved: 904, 516
Mouse moved: 915, 525
Mouse moved: 916, 529
Mouse moved: 916, 529
Mouse moved: 911, 529
Mouse moved: 904, 529
Mouse moved: 896, 528
Mouse moved: 881, 521
Mouse moved: 868, 512
Mouse moved: 856, 502
Mouse moved: 849, 495
Mouse moved: 839, 482
Mouse moved: 834, 471
Mouse moved: 834, 462
Mouse moved: 836, 455
Mouse moved: 844, 451
Mouse moved: 859, 447
Mouse moved: 874, 446
Mouse moved: 899, 445
Mouse moved: 922, 445
Mouse moved: 952, 445
Mouse moved: 981, 445
Mouse moved: 1012, 445
Mouse moved: 1044, 445
Mouse moved: 1079, 445
Mouse moved: 1105, 445
Mouse moved: 1129, 445
Mouse moved: 1142, 445
Mouse moved: 1155, 445
Mouse moved: 1169, 445
Mouse moved: 1172, 445
Mouse moved: 1175, 445
Mouse moved: 1173, 443
Mouse moved: 1166, 443
Mouse moved: 1152, 443
Mouse moved: 1137, 443
Mouse moved: 1112, 442
Mouse moved: 1077, 440
Mouse moved: 1038, 438
Mouse moved: 1003, 438
Mouse moved: 957, 437
Mouse moved: 909, 437
Mouse moved: 862, 437
Mouse moved: 816, 437
Mouse moved: 769, 438
Mouse moved: 727, 439
Mouse moved: 688, 441
Mouse moved: 653, 441
Mouse moved: 619, 443
Mouse moved: 588, 446
Mouse moved: 566, 450
Mouse moved: 552, 455
Mouse moved: 539, 465
Mouse moved: 534, 478
Mouse moved: 534, 489
Mouse moved: 540, 504
Mouse moved: 547, 514
Mouse moved: 566, 531
Mouse moved: 594, 551
Mouse moved: 625, 570
Mouse moved: 660, 589
Mouse moved: 696, 605
Mouse moved: 732, 620
Mouse moved: 765, 631
Mouse moved: 804, 644
Mouse moved: 835, 654
Mouse moved: 861, 661
Mouse moved: 880, 668
Mouse moved: 896, 674
Mouse moved: 902, 675
Mouse moved: 902, 676
Mouse moved: 902, 676
Mouse moved: 898, 676
Mouse moved: 878, 666
Mouse moved: 861, 655
Mouse moved: 839, 641
Mouse moved: 808, 618
Mouse moved: 779, 596
Mouse moved: 744, 568
Mouse moved: 714, 543
Mouse moved: 678, 512
Mouse moved: 648, 486
Mouse moved: 626, 462
Mouse moved: 604, 440
Mouse moved: 591, 420
Mouse moved: 584, 406
Mouse moved: 583, 398
Mouse moved: 586, 391
Mouse moved: 599, 387
Mouse moved: 615, 385
Mouse moved: 639, 382
Mouse moved: 666, 380
Mouse moved: 697, 376
Mouse moved: 729, 371
Mouse moved: 754, 366
Mouse moved: 776, 361
Mouse moved: 789, 357
Mouse moved: 801, 352
Mouse moved: 806, 351
Mouse moved: 807, 350
Mouse moved: 807, 348
Mouse moved: 807, 347
Mouse moved: 806, 346
Mouse moved: 802, 342
Mouse moved: 798, 338
Mouse moved: 794, 336
Mouse moved: 788, 331
Mouse moved: 782, 326
Mouse moved: 772, 318
Mouse moved: 766, 315
Mouse moved: 757, 310
Mouse moved: 751, 306
Mouse moved: 746, 303
Mouse moved: 743, 301
Mouse moved: 742, 300
Mouse moved: 741, 300
Mouse moved: 739, 300
Mouse moved: 738, 300
Mouse moved: 737, 298
Mouse moved: 733, 297
Mouse moved: 732, 297
Mouse moved: 729, 297
Mouse moved: 728, 297
Mouse moved: 727, 297
Mouse moved: 724, 296
Mouse moved: 721, 296
Mouse moved: 717, 296
Mouse moved: 714, 295
Mouse moved: 711, 295
Mouse moved: 709, 295
Mouse moved: 686, 301
Mouse moved: 681, 303
Mouse moved: 673, 306
Mouse moved: 666, 310
Mouse moved: 656, 316
Mouse moved: 646, 324
Mouse moved: 638, 330
Mouse moved: 632, 336
Mouse moved: 622, 346
Mouse moved: 611, 358
Mouse moved: 599, 370
Mouse moved: 591, 383
Mouse moved: 578, 398
Mouse moved: 569, 411
Mouse moved: 563, 424
Mouse moved: 554, 441
Mouse moved: 548, 454
Mouse moved: 543, 470
Mouse moved: 538, 486
Mouse moved: 533, 500
Mouse moved: 529, 514
Mouse moved: 527, 524
Mouse moved: 523, 535
Mouse moved: 519, 544
Mouse moved: 516, 553
Mouse moved: 511, 564
Mouse moved: 508, 570
Mouse moved: 506, 576
Mouse moved: 503, 581
Mouse moved: 501, 585
Mouse moved: 497, 588
Mouse moved: 492, 590
Mouse moved: 487, 591
Mouse moved: 481, 591
Mouse moved: 477, 591
Mouse moved: 471, 591
Mouse moved: 464, 591
Mouse moved: 461, 590
Mouse moved: 457, 587
Mouse moved: 451, 583
Mouse moved: 446, 580
Mouse moved: 438, 575
Mouse moved: 426, 565
Mouse moved: 413, 553
Mouse moved: 402, 543
Mouse moved: 389, 531
Mouse moved: 378, 522
Mouse moved: 362, 505
Mouse moved: 349, 492
Mouse moved: 341, 480
Mouse moved: 333, 467
Mouse moved: 329, 456
Mouse moved: 330, 447
Mouse moved: 337, 442
Mouse moved: 345, 440
Mouse moved: 361, 437
Mouse moved: 385, 435
Mouse moved: 417, 435
Mouse moved: 445, 433
Mouse moved: 480, 433
Mouse moved: 527, 434
Mouse moved: 561, 436
Mouse moved: 609, 443
Mouse moved: 651, 450
Mouse moved: 690, 459
Mouse moved: 724, 470
Mouse moved: 756, 483
Mouse moved: 781, 494
Mouse moved: 796, 501
Mouse moved: 810, 511
Mouse moved: 817, 523
Mouse moved: 819, 531
Mouse moved: 818, 538
Mouse moved: 813, 545
Mouse moved: 799, 555
Mouse moved: 787, 563
Mouse moved: 763, 571
Mouse moved: 741, 578
Mouse moved: 709, 581
Mouse moved: 682, 581
Mouse moved: 646, 581
Mouse moved: 606, 576
Mouse moved: 569, 567
Mouse moved: 536, 556
Mouse moved: 491, 537
Mouse moved: 452, 520
Mouse moved: 414, 501
Mouse moved: 379, 481
Mouse moved: 343, 457
Mouse moved: 313, 438
Mouse moved: 286, 417
Mouse moved: 267, 403
Mouse moved: 243, 382
Mouse moved: 231, 368
Mouse moved: 226, 358
Mouse moved: 224, 350
Mouse moved: 226, 345
Mouse moved: 239, 341
Mouse moved: 252, 338
Mouse moved: 280, 336
Mouse moved: 316, 336
Mouse moved: 362, 338
Mouse moved: 419, 345
Mouse moved: 479, 355
Mouse moved: 544, 368
Mouse moved: 611, 384
Mouse moved: 671, 400
Mouse moved: 731, 419
Mouse moved: 789, 439
Mouse moved: 831, 456
Mouse moved: 864, 474
Mouse moved: 885, 489
Mouse moved: 894, 498
Mouse moved: 896, 509
Mouse moved: 894, 518
Mouse moved: 886, 524
Mouse moved: 862, 536
Mouse moved: 839, 544
Mouse moved: 807, 551
Mouse moved: 773, 555
Mouse moved: 734, 559
Mouse moved: 691, 559
Mouse moved: 652, 559
Mouse moved: 604, 556
Mouse moved: 563, 550
Mouse moved: 482, 531
Mouse moved: 444, 520
Mouse moved: 407, 508
Mouse moved: 374, 496
Mouse moved: 346, 483
Mouse moved: 319, 472
Mouse moved: 296, 460
Mouse moved: 279, 450
Mouse moved: 266, 438
Mouse moved: 258, 430
Mouse moved: 254, 422
Mouse moved: 254, 411
Mouse moved: 256, 400
Mouse moved: 264, 391
Mouse moved: 276, 381
Mouse moved: 287, 373
Mouse moved: 310, 362
Mouse moved: 334, 355
Mouse moved: 365, 346
Mouse moved: 392, 340
Mouse moved: 427, 333
Mouse moved: 462, 328
Mouse moved: 509, 326
Mouse moved: 551, 326
Mouse moved: 594, 326
Mouse moved: 641, 326
Mouse moved: 687, 331
Mouse moved: 732, 336
Mouse moved: 767, 341
Mouse moved: 801, 349
Mouse moved: 824, 353
Mouse moved: 847, 359
Mouse moved: 860, 364
Mouse moved: 862, 366
Mouse moved: 864, 370
Mouse moved: 863, 375
Mouse moved: 859, 379
Mouse moved: 852, 386
Mouse moved: 838, 396
Mouse moved: 817, 408
Mouse moved: 794, 416
Mouse moved: 773, 424
Mouse moved: 749, 431
Mouse moved: 727, 438
Mouse moved: 694, 444
Mouse moved: 667, 449
Mouse moved: 643, 451
Mouse moved: 612, 451
Mouse moved: 582, 451
Mouse moved: 549, 451
Mouse moved: 522, 451
Mouse moved: 487, 447
Mouse moved: 452, 442
Mouse moved: 421, 438
Mouse moved: 398, 436
Mouse moved: 376, 431
Mouse moved: 362, 426
Mouse moved: 351, 420
Mouse moved: 346, 413
Mouse moved: 344, 408
Mouse moved: 345, 401
Mouse moved: 350, 395
Mouse moved: 361, 385
Mouse moved: 376, 375
Mouse moved: 390, 367
Mouse moved: 412, 356
Mouse moved: 436, 346
Mouse moved: 460, 337
Mouse moved: 481, 330
Mouse moved: 505, 323
Mouse moved: 527, 318
Mouse moved: 541, 315
Mouse moved: 560, 311
Mouse moved: 567, 308
Mouse moved: 579, 306
Mouse moved: 584, 305
Mouse moved: 587, 305
Mouse moved: 589, 303
Mouse moved: 590, 303
Mouse moved: 592, 303
Mouse moved: 596, 304
Mouse moved: 601, 306
Mouse moved: 606, 308
Mouse moved: 611, 310
Mouse moved: 615, 311
Mouse moved: 619, 313
Mouse moved: 624, 315
Mouse moved: 629, 316
Mouse moved: 632, 318
Mouse moved: 639, 319
Mouse moved: 646, 321
Mouse moved: 657, 324
Mouse moved: 667, 326
Mouse moved: 676, 328
Mouse moved: 684, 329
Mouse moved: 687, 329
Mouse moved: 691, 329